kotlin version: 2.1.10
error message: java.lang.UnsupportedClassVersionError: androidx/room/RoomKspProcessor$Provider has been compiled by a more recent version of the Java Runtime (class file version 61.0), this version of the Java Runtime only recognizes class file versions up to 55.0
	at java.base/java.lang.ClassLoader.defineClass1(Native Method)
	at java.base/java.lang.ClassLoader.defineClass(ClassLoader.java:1022)
	at java.base/java.security.SecureClassLoader.defineClass(SecureClassLoader.java:174)
	at java.base/java.net.URLClassLoader.defineClass(URLClassLoader.java:555)
	at java.base/java.net.URLClassLoader$1.run(URLClassLoader.java:458)
	at java.base/java.net.URLClassLoader$1.run(URLClassLoader.java:452)
	at java.base/java.security.AccessController.doPrivileged(Native Method)
	at java.base/java.net.URLClassLoader.findClass(URLClassLoader.java:451)
	at java.base/java.lang.ClassLoader.loadClass(ClassLoader.java:594)
	at java.base/java.lang.ClassLoader.loadClass(ClassLoader.java:527)
	at java.base/java.lang.Class.forName0(Native Method)
	at java.base/java.lang.Class.forName(Class.java:398)
	at org.jetbrains.kotlin.util.ServiceLoaderLite.loadImplementations(ServiceLoaderLite.kt:51)
	at org.jetbrains.kotlin.util.ServiceLoaderLite.loadImplementations(ServiceLoaderLite.kt:44)
	at com.google.devtools.ksp.KotlinSymbolProcessingExtension.loadProviders(KotlinSymbolProcessingExtension.kt:97)
	at com.google.devtools.ksp.AbstractKotlinSymbolProcessingExtension.doAnalysis(KotlinSymbolProcessingExtension.kt:275)
	at org.jetbrains.kotlin.cli.jvm.compiler.TopDownAnalyzerFacadeForJVM.analyzeFilesWithJavaIntegration(TopDownAnalyzerFacadeForJVM.kt:112)
	at org.jetbrains.kotlin.cli.jvm.compiler.TopDownAnalyzerFacadeForJVM.analyzeFilesWithJavaIntegration$default(TopDownAnalyzerFacadeForJVM.kt:75)
	at org.jetbrains.kotlin.cli.jvm.compiler.KotlinToJVMBytecodeCompiler.analyze$lambda$9(KotlinToJVMBytecodeCompiler.kt:356)
	at org.jetbrains.kotlin.cli.common.messages.AnalyzerWithCompilerReport.analyzeAndReport(AnalyzerWithCompilerReport.kt:112)
	at org.jetbrains.kotlin.cli.jvm.compiler.KotlinToJVMBytecodeCompiler.analyze(KotlinToJVMBytecodeCompiler.kt:347)
	at org.jetbrains.kotlin.cli.jvm.compiler.KotlinToJVMBytecodeCompiler.runFrontendAndGenerateIrUsingClassicFrontend(KotlinToJVMBytecodeCompiler.kt:177)
	at org.jetbrains.kotlin.cli.jvm.compiler.KotlinToJVMBytecodeCompiler.compileModules$cli(KotlinToJVMBytecodeCompiler.kt:102)
	at org.jetbrains.kotlin.cli.jvm.K2JVMCompiler.doExecute(K2JVMCompiler.kt:169)
	at org.jetbrains.kotlin.cli.jvm.K2JVMCompiler.doExecute(K2JVMCompiler.kt:43)
	at org.jetbrains.kotlin.cli.common.CLICompiler.execImpl(CLICompiler.kt:102)
	at org.jetbrains.kotlin.cli.common.CLICompiler.exec(CLICompiler.kt:316)
	at org.jetbrains.kotlin.daemon.CompileServiceImpl.compile(CompileServiceImpl.kt:1706)
	at java.base/jdk.internal.reflect.NativeMethodAccessorImpl.invoke0(Native Method)
	at java.base/jdk.internal.reflect.NativeMethodAccessorImpl.invoke(NativeMethodAccessorImpl.java:62)
	at java.base/jdk.internal.reflect.DelegatingMethodAccessorImpl.invoke(DelegatingMethodAccessorImpl.java:43)
	at java.base/java.lang.reflect.Method.invoke(Method.java:566)
	at java.rmi/sun.rmi.server.UnicastServerRef.dispatch(UnicastServerRef.java:359)
	at java.rmi/sun.rmi.transport.Transport$1.run(Transport.java:200)
	at java.rmi/sun.rmi.transport.Transport$1.run(Transport.java:197)
	at java.base/java.security.AccessController.doPrivileged(Native Method)
	at java.rmi/sun.rmi.transport.Transport.serviceCall(Transport.java:196)
	at java.rmi/sun.rmi.transport.tcp.TCPTransport.handleMessages(TCPTransport.java:562)
	at java.rmi/sun.rmi.transport.tcp.TCPTransport$ConnectionHandler.run0(TCPTransport.java:796)
	at java.rmi/sun.rmi.transport.tcp.TCPTransport$ConnectionHandler.lambda$run$0(TCPTransport.java:677)
	at java.base/java.security.AccessController.doPrivileged(Native Method)
	at java.rmi/sun.rmi.transport.tcp.TCPTransport$ConnectionHandler.run(TCPTransport.java:676)
	at java.base/java.util.concurrent.ThreadPoolExecutor.runWorker(ThreadPoolExecutor.java:1128)
	at java.base/java.util.concurrent.ThreadPoolExecutor$Worker.run(ThreadPoolExecutor.java:628)
	at java.base/java.lang.Thread.run(Thread.java:829)


